<?xml version="1.0" encoding="UTF-8"?>
<!-- Generated by org.testng.reporters.JUnitXMLReporter -->
<testsuite ignored="0" hostname="DESKTOP-USU0DOV" failures="0" tests="4" name="Default test" time="13.24" errors="0" timestamp="2022-11-19T08:49:51 CST">
  <testcase classname="automation_code_13Nov.Amazon_Recording" name="setUp" time="4.278"/>
  <testcase classname="automation_code_13Nov.Amazon_Recording" name="clickOnSearchBox" time="0.736"/>
  <testcase classname="automation_code_13Nov.Amazon_Recording" name="clickOnSignInRegister" time="3.344"/>
  <testcase classname="automation_code_13Nov.Amazon_Recording" name="clickOnSelectYourAdress" time="2.239"/>
</testsuite> <!-- Default test -->
