<?xml version="1.0" encoding="UTF-8"?>
<testng-results ignored="0" total="4" passed="4" failed="0" skipped="0">
  <reporter-output>
  </reporter-output>
  <suite started-at="2022-11-19T08:49:38 CST" name="Default suite" finished-at="2022-11-19T08:49:51 CST" duration-ms="13240">
    <groups>
    </groups>
    <test started-at="2022-11-19T08:49:38 CST" name="Default test" finished-at="2022-11-19T08:49:51 CST" duration-ms="13240">
      <class name="automation_code_13Nov.Amazon_Recording">
        <test-method is-config="true" signature="launchBrowser()[pri:0, instance:automation_code_13Nov.Amazon_Recording@7db12bb6]" started-at="2022-11-19T08:49:38 CST" name="launchBrowser" finished-at="2022-11-19T08:49:40 CST" duration-ms="2588" status="PASS">
          <reporter-output>
          </reporter-output>
        </test-method> <!-- launchBrowser -->
        <test-method signature="setUp()[pri:1, instance:automation_code_13Nov.Amazon_Recording@7db12bb6]" started-at="2022-11-19T08:49:40 CST" name="setUp" finished-at="2022-11-19T08:49:45 CST" duration-ms="4278" status="PASS">
          <reporter-output>
          </reporter-output>
        </test-method> <!-- setUp -->
        <test-method signature="clickOnSearchBox()[pri:2, instance:automation_code_13Nov.Amazon_Recording@7db12bb6]" started-at="2022-11-19T08:49:45 CST" name="clickOnSearchBox" finished-at="2022-11-19T08:49:45 CST" duration-ms="736" status="PASS">
          <reporter-output>
          </reporter-output>
        </test-method> <!-- clickOnSearchBox -->
        <test-method signature="clickOnSignInRegister()[pri:3, instance:automation_code_13Nov.Amazon_Recording@7db12bb6]" started-at="2022-11-19T08:49:45 CST" name="clickOnSignInRegister" finished-at="2022-11-19T08:49:49 CST" duration-ms="3344" status="PASS">
          <reporter-output>
          </reporter-output>
        </test-method> <!-- clickOnSignInRegister -->
        <test-method signature="clickOnSelectYourAdress()[pri:4, instance:automation_code_13Nov.Amazon_Recording@7db12bb6]" started-at="2022-11-19T08:49:49 CST" name="clickOnSelectYourAdress" finished-at="2022-11-19T08:49:51 CST" duration-ms="2239" status="PASS">
          <reporter-output>
          </reporter-output>
        </test-method> <!-- clickOnSelectYourAdress -->
      </class> <!-- automation_code_13Nov.Amazon_Recording -->
    </test> <!-- Default test -->
  </suite> <!-- Default suite -->
</testng-results>
